[2018/08/03 14:53] [ArchiveAllSubFolders] START Archive All Sub Folders : C:\istep\AutoArchivePrivateDocs\test to C:\istep\AutoArchivePrivateDocs\testArchive with compressing lvl : 9
[2018/08/03 14:55] [ArchiveAllSubFolders] START Archive All Sub Folders : C:\istep\AutoArchivePrivateDocs\test to C:\istep\AutoArchivePrivateDocs\testArchive with compressing lvl : 9
[2018/08/03 14:58] [ArchiveAllSubFolders] START Archive All Sub Folders : C:\istep\AutoArchivePrivateDocs\test to C:\istep\AutoArchivePrivateDocs\testArchive with compressing lvl : 9
[2018/08/03 14:58] [ArchiveAllSubFolders] START Archive All Sub Folders : C:\istep\AutoArchivePrivateDocs\test to C:\istep\AutoArchivePrivateDocs\testArchive with compressing lvl : 9
[2018/08/03 14:58] [test] exportCSV
[2018/08/03 14:59] [ArchiveAllSubFolders] START Archive All Sub Folders : C:\istep\AutoArchivePrivateDocs\test to C:\istep\AutoArchivePrivateDocs\testArchive with compressing lvl : 9
[2018/08/03 14:59] [ArchiveAllSubFolders] START Archive All Sub Folders : C:\istep\AutoArchivePrivateDocs\test to C:\istep\AutoArchivePrivateDocs\testArchive with compressing lvl : 9
[2018/08/03 15:00] [ArchiveAllSubFolders] START Archive All Sub Folders : C:\istep\AutoArchivePrivateDocs\test to C:\istep\AutoArchivePrivateDocs\testArchive with compressing lvl : 9
[2018/08/03 15:00] [ArchiveAllSubFolders] Folders Name : exportCSV
[2018/08/03 15:00] [ArchiveAllSubFolders] Folders Name : exportCSV test
[2018/08/03 15:00] [ArchiveAllSubFolders] END Archive All Sub Folders : C:\istep\AutoArchivePrivateDocs\test to C:\istep\AutoArchivePrivateDocs\testArchive with compressing lvl : 9
[2018/08/03 15:00] [ArchiveAllSubFolders] START Archive All Sub Folders : C:\istep\AutoArchivePrivateDocs\test to C:\istep\AutoArchivePrivateDocs\testArchive with compressing lvl : 9
[2018/08/03 15:00] [ArchiveAllSubFolders] Folders Name : exportCSV
[2018/08/03 15:02] [ArchiveAllSubFolders] START Archive All Sub Folders : C:\istep\AutoArchivePrivateDocs\test to C:\istep\AutoArchivePrivateDocs\testArchive with compressing lvl : 9
[2018/08/03 15:02] [ArchiveAllSubFolders] Folders Name : exportCSV
[2018/08/03 15:03] [ArchiveAllSubFolders] START Archive All Sub Folders : C:\istep\AutoArchivePrivateDocs\test to C:\istep\AutoArchivePrivateDocs\testArchive with compressing lvl : 9
[2018/08/03 15:03] [ArchiveAllSubFolders] Folders Name : System.String
[2018/08/03 15:04] [ArchiveAllSubFolders] START Archive All Sub Folders : C:\istep\AutoArchivePrivateDocs\test to C:\istep\AutoArchivePrivateDocs\testArchive with compressing lvl : 9
[2018/08/03 15:04] [ArchiveAllSubFolders] Folders Name : System.String
[2018/08/03 15:04] [ArchiveAllSubFolders] START Archive All Sub Folders : C:\istep\AutoArchivePrivateDocs\test to C:\istep\AutoArchivePrivateDocs\testArchive with compressing lvl : 9
[2018/08/03 15:04] [ArchiveAllSubFolders] Folders Name : exportCSV
[2018/08/03 15:05] [ArchiveAllSubFolders] START Archive All Sub Folders : C:\istep\AutoArchivePrivateDocs\test to C:\istep\AutoArchivePrivateDocs\testArchive with compressing lvl : 9
[2018/08/03 15:05] [ArchiveAllSubFolders] Folders Name : exportCSV
[2018/08/03 15:05] [Archive] START Archive : exportCSV to C:\istep\AutoArchivePrivateDocs\testArchive with compressing lvl : 9
[2018/08/03 15:05] [ArchiveAllSubFolders] Folders Name : exportCSV test
[2018/08/03 15:05] [Archive] START Archive : exportCSV test to C:\istep\AutoArchivePrivateDocs\testArchive with compressing lvl : 9
[2018/08/03 15:05] [ArchiveAllSubFolders] END Archive All Sub Folders : C:\istep\AutoArchivePrivateDocs\test to C:\istep\AutoArchivePrivateDocs\testArchive with compressing lvl : 9
[2018/08/03 15:06] [ArchiveAllSubFolders] START Archive All Sub Folders : C:\istep\AutoArchivePrivateDocs\test to C:\istep\AutoArchivePrivateDocs\testArchive with compressing lvl : 9
[2018/08/03 15:06] [ArchiveAllSubFolders] Folders Name : exportCSV
[2018/08/03 15:06] [Archive] START Archive : exportCSV to C:\istep\AutoArchivePrivateDocs\testArchive with compressing lvl : 9
[2018/08/03 15:06] [Archive] END Archive : exportCSV to C:\istep\AutoArchivePrivateDocs\testArchive with compressing lvl : 9
[2018/08/03 15:06] [ArchiveAllSubFolders] Folders Name : exportCSV test
[2018/08/03 15:06] [Archive] START Archive : exportCSV test to C:\istep\AutoArchivePrivateDocs\testArchive with compressing lvl : 9
[2018/08/03 15:06] [Archive] END Archive : exportCSV test to C:\istep\AutoArchivePrivateDocs\testArchive with compressing lvl : 9
[2018/08/03 15:06] [ArchiveAllSubFolders] END Archive All Sub Folders : C:\istep\AutoArchivePrivateDocs\test to C:\istep\AutoArchivePrivateDocs\testArchive with compressing lvl : 9
[2018/08/03 15:10] [ArchiveAllSubFolders] START Archive All Sub Folders : C:\istep\AutoArchivePrivateDocs\test to C:\istep\AutoArchivePrivateDocs\testArchive with compressing lvl : 9
[2018/08/03 15:10] [ArchiveAllSubFolders] Folders Name : exportCSV
[2018/08/03 15:10] [Archive] START Archive : exportCSV to C:\istep\AutoArchivePrivateDocs\testArchive with compressing lvl : 9
[2018/08/03 15:10] [Archive] END Archive : exportCSV to C:\istep\AutoArchivePrivateDocs\testArchive with compressing lvl : 9
[2018/08/03 15:10] [ArchiveAllSubFolders] Folders Name : exportCSV test
[2018/08/03 15:10] [Archive] START Archive : exportCSV test to C:\istep\AutoArchivePrivateDocs\testArchive with compressing lvl : 9
[2018/08/03 15:10] [Archive] END Archive : exportCSV test to C:\istep\AutoArchivePrivateDocs\testArchive with compressing lvl : 9
[2018/08/03 15:10] [ArchiveAllSubFolders] END Archive All Sub Folders : C:\istep\AutoArchivePrivateDocs\test to C:\istep\AutoArchivePrivateDocs\testArchive with compressing lvl : 9
[2018/08/03 15:10] [ArchiveAllSubFolders] START Archive All Sub Folders : C:\istep\AutoArchivePrivateDocs\test to C:\istep\AutoArchivePrivateDocs\testArchive with compressing lvl : 9
[2018/08/03 15:10] [ArchiveAllSubFolders] Folders Name : exportCSV
[2018/08/03 15:10] [Archive] START Archive : exportCSV to C:\istep\AutoArchivePrivateDocs\testArchive with compressing lvl : 9
[2018/08/03 15:10] [Archive] 'C:\Program Files\7-Zip\7z.exe' a -t7z -mx=9 exportCSV -w C:\istep\AutoArchivePrivateDocs\testArchive -p 
[2018/08/03 15:10] [Archive] END Archive : exportCSV to C:\istep\AutoArchivePrivateDocs\testArchive with compressing lvl : 9
[2018/08/03 15:10] [ArchiveAllSubFolders] Folders Name : exportCSV test
[2018/08/03 15:10] [Archive] START Archive : exportCSV test to C:\istep\AutoArchivePrivateDocs\testArchive with compressing lvl : 9
[2018/08/03 15:10] [Archive] 'C:\Program Files\7-Zip\7z.exe' a -t7z -mx=9 exportCSV test -w C:\istep\AutoArchivePrivateDocs\testArchive -p 
[2018/08/03 15:10] [Archive] END Archive : exportCSV test to C:\istep\AutoArchivePrivateDocs\testArchive with compressing lvl : 9
[2018/08/03 15:10] [ArchiveAllSubFolders] END Archive All Sub Folders : C:\istep\AutoArchivePrivateDocs\test to C:\istep\AutoArchivePrivateDocs\testArchive with compressing lvl : 9
[2018/08/03 15:18] [ArchiveAllSubFolders] START Archive All Sub Folders : C:\istep\AutoArchivePrivateDocs\test to C:\istep\AutoArchivePrivateDocs\testArchive with compressing lvl : 9
[2018/08/03 15:18] [ArchiveAllSubFolders] Folders Name : exportCSV
[2018/08/03 15:18] [Archive] START Archive : exportCSV to C:\istep\AutoArchivePrivateDocs\testArchive with compressing lvl : 9
[2018/08/03 15:18] [Archive] 'C:\Program Files\7-Zip\7z.exe' a exportCSV -t7z -mx=9 exportCSV -w C:\istep\AutoArchivePrivateDocs\testArchive -p 
[2018/08/03 15:18] [Archive] END Archive : exportCSV to C:\istep\AutoArchivePrivateDocs\testArchive with compressing lvl : 9
[2018/08/03 15:18] [ArchiveAllSubFolders] Folders Name : exportCSV test
[2018/08/03 15:18] [Archive] START Archive : exportCSV test to C:\istep\AutoArchivePrivateDocs\testArchive with compressing lvl : 9
[2018/08/03 15:18] [Archive] 'C:\Program Files\7-Zip\7z.exe' a exportCSV test -t7z -mx=9 exportCSV test -w C:\istep\AutoArchivePrivateDocs\testArchive -p 
[2018/08/03 15:18] [Archive] END Archive : exportCSV test to C:\istep\AutoArchivePrivateDocs\testArchive with compressing lvl : 9
[2018/08/03 15:18] [ArchiveAllSubFolders] END Archive All Sub Folders : C:\istep\AutoArchivePrivateDocs\test to C:\istep\AutoArchivePrivateDocs\testArchive with compressing lvl : 9
[2018/08/03 15:19] [ArchiveAllSubFolders] START Archive All Sub Folders : C:\istep\AutoArchivePrivateDocs\test to C:\istep\AutoArchivePrivateDocs\testArchive with compressing lvl : 9
[2018/08/03 15:19] [ArchiveAllSubFolders] Folders Name : 
[2018/08/03 15:19] [ArchiveAllSubFolders] START Archive All Sub Folders : C:\istep\AutoArchivePrivateDocs\test to C:\istep\AutoArchivePrivateDocs\testArchive with compressing lvl : 9
[2018/08/03 15:19] [ArchiveAllSubFolders] Folders Name : 
[2018/08/03 15:20] [ArchiveAllSubFolders] START Archive All Sub Folders : C:\istep\AutoArchivePrivateDocs\test to C:\istep\AutoArchivePrivateDocs\testArchive with compressing lvl : 9
[2018/08/03 15:20] [ArchiveAllSubFolders] Folders Name : C:\istep\AutoArchivePrivateDocs\test\exportCSV
[2018/08/03 15:20] [Archive] START Archive : C:\istep\AutoArchivePrivateDocs\test\exportCSV to C:\istep\AutoArchivePrivateDocs\testArchive with compressing lvl : 9
[2018/08/03 15:20] [Archive] 'C:\Program Files\7-Zip\7z.exe' a C:\istep\AutoArchivePrivateDocs\test\exportCSV -t7z -mx=9 C:\istep\AutoArchivePrivateDocs\test\exportCSV -w C:\istep\AutoArchivePrivateDocs\testArchive -p 
[2018/08/03 15:20] [Archive] END Archive : C:\istep\AutoArchivePrivateDocs\test\exportCSV to C:\istep\AutoArchivePrivateDocs\testArchive with compressing lvl : 9
[2018/08/03 15:20] [ArchiveAllSubFolders] Folders Name : C:\istep\AutoArchivePrivateDocs\test\exportCSV test
[2018/08/03 15:20] [Archive] START Archive : C:\istep\AutoArchivePrivateDocs\test\exportCSV test to C:\istep\AutoArchivePrivateDocs\testArchive with compressing lvl : 9
[2018/08/03 15:20] [Archive] 'C:\Program Files\7-Zip\7z.exe' a C:\istep\AutoArchivePrivateDocs\test\exportCSV test -t7z -mx=9 C:\istep\AutoArchivePrivateDocs\test\exportCSV test -w C:\istep\AutoArchivePrivateDocs\testArchive -p 
[2018/08/03 15:20] [Archive] END Archive : C:\istep\AutoArchivePrivateDocs\test\exportCSV test to C:\istep\AutoArchivePrivateDocs\testArchive with compressing lvl : 9
[2018/08/03 15:20] [ArchiveAllSubFolders] END Archive All Sub Folders : C:\istep\AutoArchivePrivateDocs\test to C:\istep\AutoArchivePrivateDocs\testArchive with compressing lvl : 9
[2018/08/03 15:21] [ArchiveAllSubFolders] START Archive All Sub Folders : C:\istep\AutoArchivePrivateDocs\test to C:\istep\AutoArchivePrivateDocs\testArchive with compressing lvl : 9
[2018/08/03 15:21] [ArchiveAllSubFolders] Folders Name : C:\istep\AutoArchivePrivateDocs\test\exportCSV
[2018/08/03 15:21] [Archive] START Archive : C:\istep\AutoArchivePrivateDocs\test\exportCSV to C:\istep\AutoArchivePrivateDocs\testArchive with compressing lvl : 9
[2018/08/03 15:21] [Archive] 'C:\Program Files\7-Zip\7z.exe' a C:\istep\AutoArchivePrivateDocs\test\exportCSV -t7z -mx=9 C:\istep\AutoArchivePrivateDocs\test\exportCSV -w C:\istep\AutoArchivePrivateDocs\testArchive -p 
[2018/08/03 15:21] [Archive] END Archive : C:\istep\AutoArchivePrivateDocs\test\exportCSV to C:\istep\AutoArchivePrivateDocs\testArchive with compressing lvl : 9
[2018/08/03 15:21] [ArchiveAllSubFolders] Folders Name : C:\istep\AutoArchivePrivateDocs\test\exportCSV test
[2018/08/03 15:21] [Archive] START Archive : C:\istep\AutoArchivePrivateDocs\test\exportCSV test to C:\istep\AutoArchivePrivateDocs\testArchive with compressing lvl : 9
[2018/08/03 15:21] [Archive] 'C:\Program Files\7-Zip\7z.exe' a C:\istep\AutoArchivePrivateDocs\test\exportCSV test -t7z -mx=9 C:\istep\AutoArchivePrivateDocs\test\exportCSV test -w C:\istep\AutoArchivePrivateDocs\testArchive -p 
[2018/08/03 15:21] [Archive] END Archive : C:\istep\AutoArchivePrivateDocs\test\exportCSV test to C:\istep\AutoArchivePrivateDocs\testArchive with compressing lvl : 9
[2018/08/03 15:21] [ArchiveAllSubFolders] END Archive All Sub Folders : C:\istep\AutoArchivePrivateDocs\test to C:\istep\AutoArchivePrivateDocs\testArchive with compressing lvl : 9
[2018/08/03 15:21] [ArchiveAllSubFolders] START Archive All Sub Folders : C:\istep\AutoArchivePrivateDocs\test to C:\istep\AutoArchivePrivateDocs\testArchive with compressing lvl : 9
[2018/08/03 15:21] [ArchiveAllSubFolders] Folders Name : C:\istep\AutoArchivePrivateDocs\test\exportCSV
[2018/08/03 15:21] [Archive] START Archive : C:\istep\AutoArchivePrivateDocs\test\exportCSV to C:\istep\AutoArchivePrivateDocs\testArchive with compressing lvl : 9
[2018/08/03 15:21] [Archive] 'C:\Program Files\7-Zip\7z.exe' a ('{0}.7z' -f C:\istep\AutoArchivePrivateDocs\test\exportCSV) -t7z -mx=9 C:\istep\AutoArchivePrivateDocs\test\exportCSV -w C:\istep\AutoArchivePrivateDocs\testArchive -p 
[2018/08/03 15:21] [Archive] END Archive : C:\istep\AutoArchivePrivateDocs\test\exportCSV to C:\istep\AutoArchivePrivateDocs\testArchive with compressing lvl : 9
[2018/08/03 15:21] [ArchiveAllSubFolders] Folders Name : C:\istep\AutoArchivePrivateDocs\test\exportCSV test
[2018/08/03 15:21] [Archive] START Archive : C:\istep\AutoArchivePrivateDocs\test\exportCSV test to C:\istep\AutoArchivePrivateDocs\testArchive with compressing lvl : 9
[2018/08/03 15:21] [Archive] 'C:\Program Files\7-Zip\7z.exe' a ('{0}.7z' -f C:\istep\AutoArchivePrivateDocs\test\exportCSV test) -t7z -mx=9 C:\istep\AutoArchivePrivateDocs\test\exportCSV test -w C:\istep\AutoArchivePrivateDocs\testArchive -p 
[2018/08/03 15:21] [Archive] END Archive : C:\istep\AutoArchivePrivateDocs\test\exportCSV test to C:\istep\AutoArchivePrivateDocs\testArchive with compressing lvl : 9
[2018/08/03 15:21] [ArchiveAllSubFolders] END Archive All Sub Folders : C:\istep\AutoArchivePrivateDocs\test to C:\istep\AutoArchivePrivateDocs\testArchive with compressing lvl : 9
[2018/08/03 15:24] [ArchiveAllSubFolders] START Archive All Sub Folders : C:\istep\AutoArchivePrivateDocs\test to C:\istep\AutoArchivePrivateDocs\testArchive with compressing lvl : 9
[2018/08/03 15:24] [ArchiveAllSubFolders] Folders Name : C:\istep\AutoArchivePrivateDocs\test\exportCSV
[2018/08/03 15:24] [Archive] START Archive : C:\istep\AutoArchivePrivateDocs\test\exportCSV to C:\istep\AutoArchivePrivateDocs\testArchive with compressing lvl : 9
[2018/08/03 15:24] [Archive] 'C:\Program Files\7-Zip\7z.exe' a ('{0}.7z' -f C:\istep\AutoArchivePrivateDocs\test\exportCSV) -t7z -mx=9 C:\istep\AutoArchivePrivateDocs\test\exportCSV -w C:\istep\AutoArchivePrivateDocs\testArchive -p 
[2018/08/03 15:24] [Archive] END Archive : C:\istep\AutoArchivePrivateDocs\test\exportCSV to C:\istep\AutoArchivePrivateDocs\testArchive\C:\istep\AutoArchivePrivateDocs\test\exportCSV.7z with compressing lvl : 9
[2018/08/03 15:24] [ArchiveAllSubFolders] Folders Name : C:\istep\AutoArchivePrivateDocs\test\exportCSV test
[2018/08/03 15:24] [Archive] START Archive : C:\istep\AutoArchivePrivateDocs\test\exportCSV test to C:\istep\AutoArchivePrivateDocs\testArchive with compressing lvl : 9
[2018/08/03 15:24] [Archive] 'C:\Program Files\7-Zip\7z.exe' a ('{0}.7z' -f C:\istep\AutoArchivePrivateDocs\test\exportCSV test) -t7z -mx=9 C:\istep\AutoArchivePrivateDocs\test\exportCSV test -w C:\istep\AutoArchivePrivateDocs\testArchive -p 
[2018/08/03 15:24] [Archive] END Archive : C:\istep\AutoArchivePrivateDocs\test\exportCSV test to C:\istep\AutoArchivePrivateDocs\testArchive\C:\istep\AutoArchivePrivateDocs\test\exportCSV test.7z with compressing lvl : 9
[2018/08/03 15:24] [ArchiveAllSubFolders] END Archive All Sub Folders : C:\istep\AutoArchivePrivateDocs\test to C:\istep\AutoArchivePrivateDocs\testArchive with compressing lvl : 9
[2018/08/03 15:25] [ArchiveAllSubFolders] START Archive All Sub Folders : C:\istep\AutoArchivePrivateDocs\test to C:\istep\AutoArchivePrivateDocs\testArchive with compressing lvl : 9
[2018/08/03 15:25] [ArchiveAllSubFolders] Folders Name : C:\istep\AutoArchivePrivateDocs\test\exportCSV
[2018/08/03 15:25] [Archive] START Archive : C:\istep\AutoArchivePrivateDocs\test\exportCSV to C:\istep\AutoArchivePrivateDocs\testArchive with compressing lvl : 9
[2018/08/03 15:25] [Archive] 'C:\Program Files\7-Zip\7z.exe' a C:\istep\AutoArchivePrivateDocs\testArchive -t7z -mx=9 C:\istep\AutoArchivePrivateDocs\test\exportCSV C:\istep\AutoArchivePrivateDocs\testArchive
[2018/08/03 15:25] [Archive] END Archive : C:\istep\AutoArchivePrivateDocs\test\exportCSV to C:\istep\AutoArchivePrivateDocs\testArchive\C:\istep\AutoArchivePrivateDocs\test\exportCSV.7z with compressing lvl : 9
[2018/08/03 15:25] [ArchiveAllSubFolders] Folders Name : C:\istep\AutoArchivePrivateDocs\test\exportCSV test
[2018/08/03 15:25] [Archive] START Archive : C:\istep\AutoArchivePrivateDocs\test\exportCSV test to C:\istep\AutoArchivePrivateDocs\testArchive with compressing lvl : 9
[2018/08/03 15:25] [Archive] 'C:\Program Files\7-Zip\7z.exe' a C:\istep\AutoArchivePrivateDocs\testArchive -t7z -mx=9 C:\istep\AutoArchivePrivateDocs\test\exportCSV test C:\istep\AutoArchivePrivateDocs\testArchive
[2018/08/03 15:25] [Archive] END Archive : C:\istep\AutoArchivePrivateDocs\test\exportCSV test to C:\istep\AutoArchivePrivateDocs\testArchive\C:\istep\AutoArchivePrivateDocs\test\exportCSV test.7z with compressing lvl : 9
[2018/08/03 15:25] [ArchiveAllSubFolders] END Archive All Sub Folders : C:\istep\AutoArchivePrivateDocs\test to C:\istep\AutoArchivePrivateDocs\testArchive with compressing lvl : 9
[2018/08/03 15:25] [ArchiveAllSubFolders] START Archive All Sub Folders : C:\istep\AutoArchivePrivateDocs\test to C:\istep\AutoArchivePrivateDocs\testArchive with compressing lvl : 9
[2018/08/03 15:25] [ArchiveAllSubFolders] Folders Name : exportCSV
[2018/08/03 15:25] [Archive] START Archive : exportCSV to C:\istep\AutoArchivePrivateDocs\testArchive with compressing lvl : 9
[2018/08/03 15:25] [Archive] 'C:\Program Files\7-Zip\7z.exe' a C:\istep\AutoArchivePrivateDocs\testArchive -t7z -mx=9 exportCSV C:\istep\AutoArchivePrivateDocs\testArchive
[2018/08/03 15:25] [Archive] END Archive : exportCSV to C:\istep\AutoArchivePrivateDocs\testArchive\exportCSV.7z with compressing lvl : 9
[2018/08/03 15:25] [ArchiveAllSubFolders] Folders Name : exportCSV test
[2018/08/03 15:25] [Archive] START Archive : exportCSV test to C:\istep\AutoArchivePrivateDocs\testArchive with compressing lvl : 9
[2018/08/03 15:25] [Archive] 'C:\Program Files\7-Zip\7z.exe' a C:\istep\AutoArchivePrivateDocs\testArchive -t7z -mx=9 exportCSV test C:\istep\AutoArchivePrivateDocs\testArchive
[2018/08/03 15:25] [Archive] END Archive : exportCSV test to C:\istep\AutoArchivePrivateDocs\testArchive\exportCSV test.7z with compressing lvl : 9
[2018/08/03 15:25] [ArchiveAllSubFolders] END Archive All Sub Folders : C:\istep\AutoArchivePrivateDocs\test to C:\istep\AutoArchivePrivateDocs\testArchive with compressing lvl : 9
[2018/08/03 15:27] [ArchiveAllSubFolders] START Archive All Sub Folders : C:\istep\AutoArchivePrivateDocs\test to C:\istep\AutoArchivePrivateDocs\testArchive with compressing lvl : 9
[2018/08/03 15:27] [ArchiveAllSubFolders] Folders Name : exportCSV
[2018/08/03 15:27] [Archive] START Archive : exportCSV to C:\istep\AutoArchivePrivateDocs\testArchive with compressing lvl : 9
[2018/08/03 15:27] [Archive] 'C:\Program Files\7-Zip\7z.exe' a C:\istep\AutoArchivePrivateDocs\testArchive -t7z -mx=9 exportCSV C:\istep\AutoArchivePrivateDocs\testArchive
[2018/08/03 15:27] [Archive] END Archive : exportCSV to C:\istep\AutoArchivePrivateDocs\testArchive\exportCSV.7z with compressing lvl : 9
[2018/08/03 15:27] [ArchiveAllSubFolders] Folders Name : exportCSV test
[2018/08/03 15:27] [Archive] START Archive : exportCSV test to C:\istep\AutoArchivePrivateDocs\testArchive with compressing lvl : 9
[2018/08/03 15:27] [Archive] 'C:\Program Files\7-Zip\7z.exe' a C:\istep\AutoArchivePrivateDocs\testArchive -t7z -mx=9 exportCSV test C:\istep\AutoArchivePrivateDocs\testArchive
[2018/08/03 15:27] [Archive] END Archive : exportCSV test to C:\istep\AutoArchivePrivateDocs\testArchive\exportCSV test.7z with compressing lvl : 9
[2018/08/03 15:27] [ArchiveAllSubFolders] END Archive All Sub Folders : C:\istep\AutoArchivePrivateDocs\test to C:\istep\AutoArchivePrivateDocs\testArchive with compressing lvl : 9
[2018/08/03 15:29] [ArchiveAllSubFolders] START Archive All Sub Folders : C:\istep\AutoArchivePrivateDocs\test to C:\istep\AutoArchivePrivateDocs\testArchive with compressing lvl : 9
[2018/08/03 15:29] [ArchiveAllSubFolders] Folders Name : exportCSV
[2018/08/03 15:29] [Archive] START Archive : exportCSV to C:\istep\AutoArchivePrivateDocs\testArchive with compressing lvl : 9
[2018/08/03 15:29] [Archive] 'C:\Program Files\7-Zip\7z.exe' a C:\istep\AutoArchivePrivateDocs\testArchive -t7z -mx=9 exportCSV
[2018/08/03 15:29] [Archive] END Archive : exportCSV to C:\istep\AutoArchivePrivateDocs\testArchive\exportCSV.7z with compressing lvl : 9
[2018/08/03 15:29] [ArchiveAllSubFolders] Folders Name : exportCSV test
[2018/08/03 15:29] [Archive] START Archive : exportCSV test to C:\istep\AutoArchivePrivateDocs\testArchive with compressing lvl : 9
[2018/08/03 15:29] [Archive] 'C:\Program Files\7-Zip\7z.exe' a C:\istep\AutoArchivePrivateDocs\testArchive -t7z -mx=9 exportCSV test
[2018/08/03 15:29] [Archive] END Archive : exportCSV test to C:\istep\AutoArchivePrivateDocs\testArchive\exportCSV test.7z with compressing lvl : 9
[2018/08/03 15:29] [ArchiveAllSubFolders] END Archive All Sub Folders : C:\istep\AutoArchivePrivateDocs\test to C:\istep\AutoArchivePrivateDocs\testArchive with compressing lvl : 9
[2018/08/03 15:29] [ArchiveAllSubFolders] START Archive All Sub Folders : C:\istep\AutoArchivePrivateDocs\test to C:\istep\AutoArchivePrivateDocs\testArchive with compressing lvl : 9
[2018/08/03 15:29] [ArchiveAllSubFolders] Folders Name : exportCSV
[2018/08/03 15:29] [Archive] START Archive : exportCSV to C:\istep\AutoArchivePrivateDocs\testArchive with compressing lvl : 9
[2018/08/03 15:29] [Archive] 'C:\Program Files\7-Zip\7z.exe' a C:\istep\AutoArchivePrivateDocs\testArchive -t7z -mx=9 exportCSV
[2018/08/03 15:29] [Archive] END Archive : exportCSV to C:\istep\AutoArchivePrivateDocs\testArchive\exportCSV.7z with compressing lvl : 9
[2018/08/03 15:29] [ArchiveAllSubFolders] Folders Name : exportCSV test
[2018/08/03 15:29] [Archive] START Archive : exportCSV test to C:\istep\AutoArchivePrivateDocs\testArchive with compressing lvl : 9
[2018/08/03 15:29] [Archive] 'C:\Program Files\7-Zip\7z.exe' a C:\istep\AutoArchivePrivateDocs\testArchive -t7z -mx=9 exportCSV test
[2018/08/03 15:29] [Archive] END Archive : exportCSV test to C:\istep\AutoArchivePrivateDocs\testArchive\exportCSV test.7z with compressing lvl : 9
[2018/08/03 15:29] [ArchiveAllSubFolders] END Archive All Sub Folders : C:\istep\AutoArchivePrivateDocs\test to C:\istep\AutoArchivePrivateDocs\testArchive with compressing lvl : 9
[2018/08/03 15:30] [ArchiveAllSubFolders] START Archive All Sub Folders : C:\istep\AutoArchivePrivateDocs\test to C:\istep\AutoArchivePrivateDocs\testArchive with compressing lvl : 9
[2018/08/03 15:30] [ArchiveAllSubFolders] Folders Name : exportCSV
[2018/08/03 15:30] [Archive] START Archive : exportCSV to C:\istep\AutoArchivePrivateDocs\testArchive with compressing lvl : 9
[2018/08/03 15:30] [Archive] 'C:\Program Files\7-Zip\7z.exe' a C:\istep\AutoArchivePrivateDocs\testArchive\exportCSV.7z -t7z -mx=9 exportCSV
[2018/08/03 15:30] [Archive] END Archive : exportCSV to C:\istep\AutoArchivePrivateDocs\testArchive\exportCSV.7z with compressing lvl : 9
[2018/08/03 15:30] [ArchiveAllSubFolders] Folders Name : exportCSV test
[2018/08/03 15:30] [Archive] START Archive : exportCSV test to C:\istep\AutoArchivePrivateDocs\testArchive with compressing lvl : 9
[2018/08/03 15:30] [Archive] 'C:\Program Files\7-Zip\7z.exe' a C:\istep\AutoArchivePrivateDocs\testArchive\exportCSV test.7z -t7z -mx=9 exportCSV test
[2018/08/03 15:30] [Archive] END Archive : exportCSV test to C:\istep\AutoArchivePrivateDocs\testArchive\exportCSV test.7z with compressing lvl : 9
[2018/08/03 15:30] [ArchiveAllSubFolders] END Archive All Sub Folders : C:\istep\AutoArchivePrivateDocs\test to C:\istep\AutoArchivePrivateDocs\testArchive with compressing lvl : 9
[2018/08/03 15:30] [ArchiveAllSubFolders] START Archive All Sub Folders : C:\istep\AutoArchivePrivateDocs\test to C:\istep\AutoArchivePrivateDocs\testArchive with compressing lvl : 9
[2018/08/03 15:30] [ArchiveAllSubFolders] Folders Name : exportCSV
[2018/08/03 15:30] [Archive] START Archive : exportCSV to C:\istep\AutoArchivePrivateDocs\testArchive with compressing lvl : 9
[2018/08/03 15:30] [Archive] 'C:\Program Files\7-Zip\7z.exe' a 'C:\istep\AutoArchivePrivateDocs\testArchive\exportCSV.7z' -t7z -mx=9 exportCSV
[2018/08/03 15:30] [Archive] END Archive : exportCSV to C:\istep\AutoArchivePrivateDocs\testArchive\exportCSV.7z with compressing lvl : 9
[2018/08/03 15:30] [ArchiveAllSubFolders] Folders Name : exportCSV test
[2018/08/03 15:30] [Archive] START Archive : exportCSV test to C:\istep\AutoArchivePrivateDocs\testArchive with compressing lvl : 9
[2018/08/03 15:30] [Archive] 'C:\Program Files\7-Zip\7z.exe' a 'C:\istep\AutoArchivePrivateDocs\testArchive\exportCSV test.7z' -t7z -mx=9 exportCSV test
[2018/08/03 15:30] [Archive] END Archive : exportCSV test to C:\istep\AutoArchivePrivateDocs\testArchive\exportCSV test.7z with compressing lvl : 9
[2018/08/03 15:30] [ArchiveAllSubFolders] END Archive All Sub Folders : C:\istep\AutoArchivePrivateDocs\test to C:\istep\AutoArchivePrivateDocs\testArchive with compressing lvl : 9
[2018/08/03 15:31] [ArchiveAllSubFolders] START Archive All Sub Folders : C:\istep\AutoArchivePrivateDocs\test to C:\istep\AutoArchivePrivateDocs\testArchive with compressing lvl : 9
[2018/08/03 15:31] [ArchiveAllSubFolders] Folders Name : exportCSV
[2018/08/03 15:31] [Archive] START Archive : exportCSV to C:\istep\AutoArchivePrivateDocs\testArchive with compressing lvl : 9
[2018/08/03 15:31] [Archive] 'C:\Program Files\7-Zip\7z.exe' a 'C:\istep\AutoArchivePrivateDocs\testArchive\exportCSV.7z' -t7z -mx=9 C:\istep\AutoArchivePrivateDocs\test\exportCSV
[2018/08/03 15:31] [Archive] END Archive : exportCSV to C:\istep\AutoArchivePrivateDocs\testArchive\exportCSV.7z with compressing lvl : 9
[2018/08/03 15:31] [ArchiveAllSubFolders] Folders Name : exportCSV test
[2018/08/03 15:31] [Archive] START Archive : exportCSV test to C:\istep\AutoArchivePrivateDocs\testArchive with compressing lvl : 9
[2018/08/03 15:31] [Archive] 'C:\Program Files\7-Zip\7z.exe' a 'C:\istep\AutoArchivePrivateDocs\testArchive\exportCSV test.7z' -t7z -mx=9 C:\istep\AutoArchivePrivateDocs\test\exportCSV test
[2018/08/03 15:31] [Archive] END Archive : exportCSV test to C:\istep\AutoArchivePrivateDocs\testArchive\exportCSV test.7z with compressing lvl : 9
[2018/08/03 15:31] [ArchiveAllSubFolders] END Archive All Sub Folders : C:\istep\AutoArchivePrivateDocs\test to C:\istep\AutoArchivePrivateDocs\testArchive with compressing lvl : 9
[2018/08/03 15:32] [ArchiveAllSubFolders] START Archive All Sub Folders : C:\istep\AutoArchivePrivateDocs\test to C:\istep\AutoArchivePrivateDocs\testArchive with compressing lvl : 9
[2018/08/03 15:32] [ArchiveAllSubFolders] Folders Name : exportCSV; FullName : C:\istep\AutoArchivePrivateDocs\test\exportCSV
[2018/08/03 15:32] [Archive] START Archive : exportCSV to C:\istep\AutoArchivePrivateDocs\testArchive with compressing lvl : 9
[2018/08/03 15:32] [Archive] 'C:\Program Files\7-Zip\7z.exe' a 'C:\istep\AutoArchivePrivateDocs\testArchive\exportCSV.7z' -t7z -mx=9 C:\istep\AutoArchivePrivateDocs\test\exportCSV
[2018/08/03 15:32] [Archive] END Archive : exportCSV to C:\istep\AutoArchivePrivateDocs\testArchive\exportCSV.7z with compressing lvl : 9
[2018/08/03 15:32] [ArchiveAllSubFolders] Folders Name : exportCSV test; FullName : C:\istep\AutoArchivePrivateDocs\test\exportCSV test
[2018/08/03 15:32] [Archive] START Archive : exportCSV test to C:\istep\AutoArchivePrivateDocs\testArchive with compressing lvl : 9
[2018/08/03 15:32] [Archive] 'C:\Program Files\7-Zip\7z.exe' a 'C:\istep\AutoArchivePrivateDocs\testArchive\exportCSV test.7z' -t7z -mx=9 C:\istep\AutoArchivePrivateDocs\test\exportCSV test
[2018/08/03 15:32] [Archive] END Archive : exportCSV test to C:\istep\AutoArchivePrivateDocs\testArchive\exportCSV test.7z with compressing lvl : 9
[2018/08/03 15:32] [ArchiveAllSubFolders] END Archive All Sub Folders : C:\istep\AutoArchivePrivateDocs\test to C:\istep\AutoArchivePrivateDocs\testArchive with compressing lvl : 9
[2018/08/03 15:33] [ArchiveAllSubFolders] START Archive All Sub Folders : C:\istep\AutoArchivePrivateDocs\test to C:\istep\AutoArchivePrivateDocs\testArchive with compressing lvl : 9
[2018/08/03 15:33] [ArchiveAllSubFolders] Folders Name : exportCSV; FullName : C:\istep\AutoArchivePrivateDocs\test\exportCSV
[2018/08/03 15:33] [Archive] START Archive : exportCSV to C:\istep\AutoArchivePrivateDocs\testArchive with compressing lvl : 9
[2018/08/03 15:33] [Archive] 'C:\Program Files\7-Zip\7z.exe' a 'C:\istep\AutoArchivePrivateDocs\testArchive\exportCSV.7z' -t7z -mx=9 'C:\istep\AutoArchivePrivateDocs\test\exportCSV'
[2018/08/03 15:33] [Archive] END Archive : exportCSV to C:\istep\AutoArchivePrivateDocs\testArchive\exportCSV.7z with compressing lvl : 9
[2018/08/03 15:33] [ArchiveAllSubFolders] Folders Name : exportCSV test; FullName : C:\istep\AutoArchivePrivateDocs\test\exportCSV test
[2018/08/03 15:33] [Archive] START Archive : exportCSV test to C:\istep\AutoArchivePrivateDocs\testArchive with compressing lvl : 9
[2018/08/03 15:33] [Archive] 'C:\Program Files\7-Zip\7z.exe' a 'C:\istep\AutoArchivePrivateDocs\testArchive\exportCSV test.7z' -t7z -mx=9 'C:\istep\AutoArchivePrivateDocs\test\exportCSV test'
[2018/08/03 15:33] [Archive] END Archive : exportCSV test to C:\istep\AutoArchivePrivateDocs\testArchive\exportCSV test.7z with compressing lvl : 9
[2018/08/03 15:33] [ArchiveAllSubFolders] END Archive All Sub Folders : C:\istep\AutoArchivePrivateDocs\test to C:\istep\AutoArchivePrivateDocs\testArchive with compressing lvl : 9
[2018/08/03 15:34] [ArchiveAllSubFolders] START Archive All Sub Folders : C:\istep\AutoArchivePrivateDocs\test to C:\istep\AutoArchivePrivateDocs\testArchive with compressing lvl : 9
[2018/08/03 15:34] [ArchiveAllSubFolders] Folders Name : exportCSV; FullName : C:\istep\AutoArchivePrivateDocs\test\exportCSV
[2018/08/03 15:34] [Archive] START Archive : exportCSV to C:\istep\AutoArchivePrivateDocs\testArchive with compressing lvl : 9
[2018/08/03 15:34] [Archive] 'C:\Program Files\7-Zip\7z.exe' a 'C:\istep\AutoArchivePrivateDocs\testArchive\exportCSV.7z' -t7z -mx=9 'C:\istep\AutoArchivePrivateDocs\test\exportCSV'
[2018/08/03 15:34] [Archive] END Archive : exportCSV to C:\istep\AutoArchivePrivateDocs\testArchive\exportCSV.7z with compressing lvl : 9
[2018/08/03 15:34] [ArchiveAllSubFolders] Folders Name : exportCSV test; FullName : C:\istep\AutoArchivePrivateDocs\test\exportCSV test
[2018/08/03 15:34] [Archive] START Archive : exportCSV test to C:\istep\AutoArchivePrivateDocs\testArchive with compressing lvl : 9
[2018/08/03 15:34] [Archive] 'C:\Program Files\7-Zip\7z.exe' a 'C:\istep\AutoArchivePrivateDocs\testArchive\exportCSV test.7z' -t7z -mx=9 'C:\istep\AutoArchivePrivateDocs\test\exportCSV test'
[2018/08/03 15:34] [Archive] END Archive : exportCSV test to C:\istep\AutoArchivePrivateDocs\testArchive\exportCSV test.7z with compressing lvl : 9
[2018/08/03 15:34] [ArchiveAllSubFolders] END Archive All Sub Folders : C:\istep\AutoArchivePrivateDocs\test to C:\istep\AutoArchivePrivateDocs\testArchive with compressing lvl : 9
[2018/08/03 15:38] [ArchiveAllSubFolders] START Archive All Sub Folders : C:\istep\AutoArchivePrivateDocs\test to C:\istep\AutoArchivePrivateDocs\testArchive with compressing lvl : 9
[2018/08/03 15:38] [ArchiveAllSubFolders] Folders Name : exportCSV; FullName : C:\istep\AutoArchivePrivateDocs\test\exportCSV
[2018/08/03 15:38] [Archive] START Archive : exportCSV to C:\istep\AutoArchivePrivateDocs\testArchive with compressing lvl : 9
[2018/08/03 15:38] [Archive] 'C:\Program Files\7-Zip\7z.exe' a 'C:\istep\AutoArchivePrivateDocs\testArchive\exportCSV.7z' -t7z -mx=9 'C:\istep\AutoArchivePrivateDocs\test\exportCSV'
[2018/08/03 15:38] [Archive] END Archive : exportCSV to C:\istep\AutoArchivePrivateDocs\testArchive\exportCSV.7z with compressing lvl : 9
[2018/08/03 15:38] [ArchiveAllSubFolders] Folders Name : exportCSV test; FullName : C:\istep\AutoArchivePrivateDocs\test\exportCSV test
[2018/08/03 15:38] [Archive] START Archive : exportCSV test to C:\istep\AutoArchivePrivateDocs\testArchive with compressing lvl : 9
[2018/08/03 15:38] [Archive] 'C:\Program Files\7-Zip\7z.exe' a 'C:\istep\AutoArchivePrivateDocs\testArchive\exportCSV test.7z' -t7z -mx=9 'C:\istep\AutoArchivePrivateDocs\test\exportCSV test'
[2018/08/03 15:38] [Archive] END Archive : exportCSV test to C:\istep\AutoArchivePrivateDocs\testArchive\exportCSV test.7z with compressing lvl : 9
[2018/08/03 15:38] [ArchiveAllSubFolders] END Archive All Sub Folders : C:\istep\AutoArchivePrivateDocs\test to C:\istep\AutoArchivePrivateDocs\testArchive with compressing lvl : 9
[2018/08/03 15:39] [ArchiveAllSubFolders] START Archive All Sub Folders : C:\istep\AutoArchivePrivateDocs\test to C:\istep\AutoArchivePrivateDocs\testArchive with compressing lvl : 9
[2018/08/03 15:39] [ArchiveAllSubFolders] Folders Name : exportCSV; FullName : C:\istep\AutoArchivePrivateDocs\test\exportCSV
[2018/08/03 15:39] [Archive] START Archive : exportCSV to C:\istep\AutoArchivePrivateDocs\testArchive with compressing lvl : 9
[2018/08/03 15:39] [Archive] 'C:\Program Files\7-Zip\7z.exe' a 'C:\istep\AutoArchivePrivateDocs\testArchive\exportCSV.7z' -t7z -mx=9 'C:\istep\AutoArchivePrivateDocs\test\exportCSV'
[2018/08/03 15:39] [Archive] END Archive : exportCSV to C:\istep\AutoArchivePrivateDocs\testArchive\exportCSV.7z with compressing lvl : 9
[2018/08/03 15:39] [ArchiveAllSubFolders] Folders Name : exportCSV test; FullName : C:\istep\AutoArchivePrivateDocs\test\exportCSV test
[2018/08/03 15:39] [Archive] START Archive : exportCSV test to C:\istep\AutoArchivePrivateDocs\testArchive with compressing lvl : 9
[2018/08/03 15:39] [Archive] 'C:\Program Files\7-Zip\7z.exe' a 'C:\istep\AutoArchivePrivateDocs\testArchive\exportCSV test.7z' -t7z -mx=9 'C:\istep\AutoArchivePrivateDocs\test\exportCSV test'
[2018/08/03 15:39] [Archive] END Archive : exportCSV test to C:\istep\AutoArchivePrivateDocs\testArchive\exportCSV test.7z with compressing lvl : 9
[2018/08/03 15:39] [ArchiveAllSubFolders] END Archive All Sub Folders : C:\istep\AutoArchivePrivateDocs\test to C:\istep\AutoArchivePrivateDocs\testArchive with compressing lvl : 9
[2018/08/03 15:39] [ArchiveAllSubFolders] START Archive All Sub Folders : C:\istep\AutoArchivePrivateDocs\test to C:\istep\AutoArchivePrivateDocs\testArchive with compressing lvl : 9
[2018/08/03 15:39] [ArchiveAllSubFolders] Folders Name : exportCSV; FullName : C:\istep\AutoArchivePrivateDocs\test\exportCSV
[2018/08/03 15:39] [Archive] START Archive : exportCSV to C:\istep\AutoArchivePrivateDocs\testArchive with compressing lvl : 9
[2018/08/03 15:39] [Archive] 'C:\Program Files\7-Zip\7z.exe' a 'C:\istep\AutoArchivePrivateDocs\testArchive\exportCSV.7z' -t7z -mx=9 'C:\istep\AutoArchivePrivateDocs\test\exportCSV'
[2018/08/03 15:39] [Archive] END Archive : exportCSV to C:\istep\AutoArchivePrivateDocs\testArchive\exportCSV.7z with compressing lvl : 9
[2018/08/03 15:39] [ArchiveAllSubFolders] Folders Name : exportCSV test; FullName : C:\istep\AutoArchivePrivateDocs\test\exportCSV test
[2018/08/03 15:39] [Archive] START Archive : exportCSV test to C:\istep\AutoArchivePrivateDocs\testArchive with compressing lvl : 9
[2018/08/03 15:39] [Archive] 'C:\Program Files\7-Zip\7z.exe' a 'C:\istep\AutoArchivePrivateDocs\testArchive\exportCSV test.7z' -t7z -mx=9 'C:\istep\AutoArchivePrivateDocs\test\exportCSV test'
[2018/08/03 15:39] [Archive] END Archive : exportCSV test to C:\istep\AutoArchivePrivateDocs\testArchive\exportCSV test.7z with compressing lvl : 9
[2018/08/03 15:39] [ArchiveAllSubFolders] END Archive All Sub Folders : C:\istep\AutoArchivePrivateDocs\test to C:\istep\AutoArchivePrivateDocs\testArchive with compressing lvl : 9
[2018/08/03 15:40] [ArchiveAllSubFolders] START Archive All Sub Folders : C:\istep\AutoArchivePrivateDocs\test to C:\istep\AutoArchivePrivateDocs\testArchive with compressing lvl : 9
[2018/08/03 15:40] [ArchiveAllSubFolders] Folders Name : exportCSV; FullName : C:\istep\AutoArchivePrivateDocs\test\exportCSV
[2018/08/03 15:40] [Archive] START Archive : exportCSV to C:\istep\AutoArchivePrivateDocs\testArchive with compressing lvl : 9
[2018/08/03 15:40] [Archive] 'C:\Program Files\7-Zip\7z.exe' a 'C:\istep\AutoArchivePrivateDocs\testArchive\exportCSV.7z' -t7z -mx=9 'C:\istep\AutoArchivePrivateDocs\test\exportCSV'
[2018/08/03 15:40] [Archive] END Archive : exportCSV to C:\istep\AutoArchivePrivateDocs\testArchive\exportCSV.7z with compressing lvl : 9
[2018/08/03 15:40] [ArchiveAllSubFolders] Folders Name : exportCSV test; FullName : C:\istep\AutoArchivePrivateDocs\test\exportCSV test
[2018/08/03 15:40] [Archive] START Archive : exportCSV test to C:\istep\AutoArchivePrivateDocs\testArchive with compressing lvl : 9
[2018/08/03 15:40] [Archive] 'C:\Program Files\7-Zip\7z.exe' a 'C:\istep\AutoArchivePrivateDocs\testArchive\exportCSV test.7z' -t7z -mx=9 'C:\istep\AutoArchivePrivateDocs\test\exportCSV test'
[2018/08/03 15:40] [Archive] END Archive : exportCSV test to C:\istep\AutoArchivePrivateDocs\testArchive\exportCSV test.7z with compressing lvl : 9
[2018/08/03 15:40] [ArchiveAllSubFolders] END Archive All Sub Folders : C:\istep\AutoArchivePrivateDocs\test to C:\istep\AutoArchivePrivateDocs\testArchive with compressing lvl : 9
[2018/08/03 15:41] [ArchiveAllSubFolders] START Archive All Sub Folders : C:\istep\AutoArchivePrivateDocs\test to C:\istep\AutoArchivePrivateDocs\testArchive with compressing lvl : 9
[2018/08/03 15:41] [ArchiveAllSubFolders] Folders Name : exportCSV; FullName : C:\istep\AutoArchivePrivateDocs\test\exportCSV
[2018/08/03 15:41] [Archive] START Archive : exportCSV to C:\istep\AutoArchivePrivateDocs\testArchive with compressing lvl : 9
[2018/08/03 15:41] [Archive] 'C:\Program Files\7-Zip\7z.exe' a 'C:\istep\AutoArchivePrivateDocs\testArchive\exportCSV.7z' -t7z 'C:\istep\AutoArchivePrivateDocs\test\exportCSV'  -mx=9
[2018/08/03 15:41] [Archive] END Archive : exportCSV to C:\istep\AutoArchivePrivateDocs\testArchive\exportCSV.7z with compressing lvl : 9
[2018/08/03 15:41] [ArchiveAllSubFolders] Folders Name : exportCSV test; FullName : C:\istep\AutoArchivePrivateDocs\test\exportCSV test
[2018/08/03 15:41] [Archive] START Archive : exportCSV test to C:\istep\AutoArchivePrivateDocs\testArchive with compressing lvl : 9
[2018/08/03 15:41] [Archive] 'C:\Program Files\7-Zip\7z.exe' a 'C:\istep\AutoArchivePrivateDocs\testArchive\exportCSV test.7z' -t7z 'C:\istep\AutoArchivePrivateDocs\test\exportCSV test'  -mx=9
[2018/08/03 15:41] [Archive] END Archive : exportCSV test to C:\istep\AutoArchivePrivateDocs\testArchive\exportCSV test.7z with compressing lvl : 9
[2018/08/03 15:41] [ArchiveAllSubFolders] END Archive All Sub Folders : C:\istep\AutoArchivePrivateDocs\test to C:\istep\AutoArchivePrivateDocs\testArchive with compressing lvl : 9
[2018/08/03 15:42] [ArchiveAllSubFolders] START Archive All Sub Folders : C:\istep\AutoArchivePrivateDocs\test to C:\istep\AutoArchivePrivateDocs\testArchive with compressing lvl : 9
[2018/08/03 15:42] [ArchiveAllSubFolders] Folders Name : exportCSV; FullName : C:\istep\AutoArchivePrivateDocs\test\exportCSV
[2018/08/03 15:42] [Archive] START Archive : exportCSV to C:\istep\AutoArchivePrivateDocs\testArchive with compressing lvl : 9
[2018/08/03 15:42] [Archive] 'C:\Program Files\7-Zip\7z.exe' a 'C:\istep\AutoArchivePrivateDocs\testArchive\exportCSV.7z' -t7z 'C:\istep\AutoArchivePrivateDocs\test\exportCSV'  -mx=9
[2018/08/03 15:42] [Archive] END Archive : exportCSV to C:\istep\AutoArchivePrivateDocs\testArchive\exportCSV.7z with compressing lvl : 9
[2018/08/03 15:42] [ArchiveAllSubFolders] Folders Name : exportCSV test; FullName : C:\istep\AutoArchivePrivateDocs\test\exportCSV test
[2018/08/03 15:42] [Archive] START Archive : exportCSV test to C:\istep\AutoArchivePrivateDocs\testArchive with compressing lvl : 9
[2018/08/03 15:42] [Archive] 'C:\Program Files\7-Zip\7z.exe' a 'C:\istep\AutoArchivePrivateDocs\testArchive\exportCSV test.7z' -t7z 'C:\istep\AutoArchivePrivateDocs\test\exportCSV test'  -mx=9
[2018/08/03 15:42] [Archive] END Archive : exportCSV test to C:\istep\AutoArchivePrivateDocs\testArchive\exportCSV test.7z with compressing lvl : 9
[2018/08/03 15:42] [ArchiveAllSubFolders] END Archive All Sub Folders : C:\istep\AutoArchivePrivateDocs\test to C:\istep\AutoArchivePrivateDocs\testArchive with compressing lvl : 9
[2018/08/03 15:42] [ArchiveAllSubFolders] START Archive All Sub Folders : C:\istep\AutoArchivePrivateDocs\test to C:\istep\AutoArchivePrivateDocs\testArchive with compressing lvl : 9
[2018/08/03 15:42] [ArchiveAllSubFolders] Folders Name : exportCSV; FullName : C:\istep\AutoArchivePrivateDocs\test\exportCSV
[2018/08/03 15:42] [Archive] START Archive : exportCSV to C:\istep\AutoArchivePrivateDocs\testArchive with compressing lvl : 9
[2018/08/03 15:42] [Archive] 'C:\Program Files\7-Zip\7z.exe' a 'C:\istep\AutoArchivePrivateDocs\testArchive\exportCSV.7z' -t7z 'C:\istep\AutoArchivePrivateDocs\test\exportCSV'  -mx=9
[2018/08/03 15:42] [Archive] END Archive : exportCSV to C:\istep\AutoArchivePrivateDocs\testArchive\exportCSV.7z with compressing lvl : 9
[2018/08/03 15:42] [ArchiveAllSubFolders] Folders Name : exportCSV test; FullName : C:\istep\AutoArchivePrivateDocs\test\exportCSV test
[2018/08/03 15:42] [Archive] START Archive : exportCSV test to C:\istep\AutoArchivePrivateDocs\testArchive with compressing lvl : 9
[2018/08/03 15:42] [Archive] 'C:\Program Files\7-Zip\7z.exe' a 'C:\istep\AutoArchivePrivateDocs\testArchive\exportCSV test.7z' -t7z 'C:\istep\AutoArchivePrivateDocs\test\exportCSV test'  -mx=9
[2018/08/03 15:42] [Archive] END Archive : exportCSV test to C:\istep\AutoArchivePrivateDocs\testArchive\exportCSV test.7z with compressing lvl : 9
[2018/08/03 15:42] [ArchiveAllSubFolders] END Archive All Sub Folders : C:\istep\AutoArchivePrivateDocs\test to C:\istep\AutoArchivePrivateDocs\testArchive with compressing lvl : 9
[2018/08/03 15:42] [ArchiveAllSubFolders] START Archive All Sub Folders : C:\istep\AutoArchivePrivateDocs\test to C:\istep\AutoArchivePrivateDocs\testArchive with compressing lvl : 9
[2018/08/03 15:42] [ArchiveAllSubFolders] Folders Name : exportCSV; FullName : C:\istep\AutoArchivePrivateDocs\test\exportCSV
[2018/08/03 15:42] [Archive] START Archive : exportCSV to C:\istep\AutoArchivePrivateDocs\testArchive with compressing lvl : 9
[2018/08/03 15:42] [Archive] 'C:\Program Files\7-Zip\7z.exe' a 'C:\istep\AutoArchivePrivateDocs\testArchive\exportCSV.7z' -t7z 'C:\istep\AutoArchivePrivateDocs\test\exportCSV'  -mx=9
[2018/08/03 15:42] [Archive] END Archive : exportCSV to C:\istep\AutoArchivePrivateDocs\testArchive\exportCSV.7z with compressing lvl : 9
[2018/08/03 15:42] [ArchiveAllSubFolders] Folders Name : exportCSV test; FullName : C:\istep\AutoArchivePrivateDocs\test\exportCSV test
[2018/08/03 15:42] [Archive] START Archive : exportCSV test to C:\istep\AutoArchivePrivateDocs\testArchive with compressing lvl : 9
[2018/08/03 15:42] [Archive] 'C:\Program Files\7-Zip\7z.exe' a 'C:\istep\AutoArchivePrivateDocs\testArchive\exportCSV test.7z' -t7z 'C:\istep\AutoArchivePrivateDocs\test\exportCSV test'  -mx=9
[2018/08/03 15:42] [Archive] END Archive : exportCSV test to C:\istep\AutoArchivePrivateDocs\testArchive\exportCSV test.7z with compressing lvl : 9
[2018/08/03 15:42] [ArchiveAllSubFolders] END Archive All Sub Folders : C:\istep\AutoArchivePrivateDocs\test to C:\istep\AutoArchivePrivateDocs\testArchive with compressing lvl : 9
[2018/08/03 15:43] [ArchiveAllSubFolders] START Archive All Sub Folders : C:\istep\AutoArchivePrivateDocs\test to C:\istep\AutoArchivePrivateDocs\testArchive with compressing lvl : 9
[2018/08/03 15:43] [ArchiveAllSubFolders] Folders Name : exportCSV; FullName : C:\istep\AutoArchivePrivateDocs\test\exportCSV
[2018/08/03 15:43] [Archive] START Archive : exportCSV to C:\istep\AutoArchivePrivateDocs\testArchive with compressing lvl : 9
[2018/08/03 15:43] [Archive] 'C:\Program Files\7-Zip\7z.exe' a 'C:\istep\AutoArchivePrivateDocs\testArchive\exportCSV.7z' -t7z 'C:\istep\AutoArchivePrivateDocs\test\exportCSV'  -mx=9
[2018/08/03 15:43] [Archive] END Archive : exportCSV to C:\istep\AutoArchivePrivateDocs\testArchive\exportCSV.7z with compressing lvl : 9
[2018/08/03 15:43] [ArchiveAllSubFolders] Folders Name : exportCSV test; FullName : C:\istep\AutoArchivePrivateDocs\test\exportCSV test
[2018/08/03 15:43] [Archive] START Archive : exportCSV test to C:\istep\AutoArchivePrivateDocs\testArchive with compressing lvl : 9
[2018/08/03 15:43] [Archive] 'C:\Program Files\7-Zip\7z.exe' a 'C:\istep\AutoArchivePrivateDocs\testArchive\exportCSV test.7z' -t7z 'C:\istep\AutoArchivePrivateDocs\test\exportCSV test'  -mx=9
[2018/08/03 15:43] [Archive] END Archive : exportCSV test to C:\istep\AutoArchivePrivateDocs\testArchive\exportCSV test.7z with compressing lvl : 9
[2018/08/03 15:43] [ArchiveAllSubFolders] END Archive All Sub Folders : C:\istep\AutoArchivePrivateDocs\test to C:\istep\AutoArchivePrivateDocs\testArchive with compressing lvl : 9
[2018/08/03 15:44] [ArchiveAllSubFolders] START Archive All Sub Folders : C:\istep\AutoArchivePrivateDocs\test to C:\istep\AutoArchivePrivateDocs\testArchive with compressing lvl : 9
[2018/08/03 15:44] [ArchiveAllSubFolders] Folders Name : exportCSV; FullName : C:\istep\AutoArchivePrivateDocs\test\exportCSV
[2018/08/03 15:44] [Archive] START Archive : exportCSV to C:\istep\AutoArchivePrivateDocs\testArchive with compressing lvl : 9
[2018/08/03 15:44] [Archive] 'C:\Program Files\7-Zip\7z.exe' a 'C:\istep\AutoArchivePrivateDocs\testArchive\exportCSV.7z' -t7z 'C:\istep\AutoArchivePrivateDocs\test\exportCSV'  -mx=9
[2018/08/03 15:44] [Archive] END Archive : exportCSV to C:\istep\AutoArchivePrivateDocs\testArchive\exportCSV.7z with compressing lvl : 9
[2018/08/03 15:44] [ArchiveAllSubFolders] Folders Name : exportCSV test; FullName : C:\istep\AutoArchivePrivateDocs\test\exportCSV test
[2018/08/03 15:44] [Archive] START Archive : exportCSV test to C:\istep\AutoArchivePrivateDocs\testArchive with compressing lvl : 9
[2018/08/03 15:44] [Archive] 'C:\Program Files\7-Zip\7z.exe' a 'C:\istep\AutoArchivePrivateDocs\testArchive\exportCSV test.7z' -t7z 'C:\istep\AutoArchivePrivateDocs\test\exportCSV test'  -mx=9
[2018/08/03 15:44] [Archive] END Archive : exportCSV test to C:\istep\AutoArchivePrivateDocs\testArchive\exportCSV test.7z with compressing lvl : 9
[2018/08/03 15:44] [ArchiveAllSubFolders] END Archive All Sub Folders : C:\istep\AutoArchivePrivateDocs\test to C:\istep\AutoArchivePrivateDocs\testArchive with compressing lvl : 9
[2018/08/03 15:45] [ArchiveAllSubFolders] START Archive All Sub Folders : C:\istep\AutoArchivePrivateDocs\test to C:\istep\AutoArchivePrivateDocs\testArchive with compressing lvl : 9
[2018/08/03 15:45] [ArchiveAllSubFolders] Folders Name : exportCSV; FullName : C:\istep\AutoArchivePrivateDocs\test\exportCSV
[2018/08/03 15:45] [Archive] START Archive : exportCSV to C:\istep\AutoArchivePrivateDocs\testArchive with compressing lvl : 9
[2018/08/03 15:45] [Archive] 'C:\Program Files\7-Zip\7z.exe' '-mx=9' a 'C:\istep\AutoArchivePrivateDocs\testArchive\exportCSV.7z' -t7z 'C:\istep\AutoArchivePrivateDocs\test\exportCSV\' 
[2018/08/03 15:45] [Archive] END Archive : exportCSV to C:\istep\AutoArchivePrivateDocs\testArchive\exportCSV.7z with compressing lvl : 9
[2018/08/03 15:45] [ArchiveAllSubFolders] Folders Name : exportCSV test; FullName : C:\istep\AutoArchivePrivateDocs\test\exportCSV test
[2018/08/03 15:45] [Archive] START Archive : exportCSV test to C:\istep\AutoArchivePrivateDocs\testArchive with compressing lvl : 9
[2018/08/03 15:45] [Archive] 'C:\Program Files\7-Zip\7z.exe' '-mx=9' a 'C:\istep\AutoArchivePrivateDocs\testArchive\exportCSV test.7z' -t7z 'C:\istep\AutoArchivePrivateDocs\test\exportCSV test\' 
[2018/08/03 15:45] [Archive] END Archive : exportCSV test to C:\istep\AutoArchivePrivateDocs\testArchive\exportCSV test.7z with compressing lvl : 9
[2018/08/03 15:45] [ArchiveAllSubFolders] END Archive All Sub Folders : C:\istep\AutoArchivePrivateDocs\test to C:\istep\AutoArchivePrivateDocs\testArchive with compressing lvl : 9
[2018/08/03 15:45] [ArchiveAllSubFolders] START Archive All Sub Folders : C:\istep\AutoArchivePrivateDocs\test to C:\istep\AutoArchivePrivateDocs\testArchive with compressing lvl : 9
[2018/08/03 15:45] [ArchiveAllSubFolders] Folders Name : exportCSV; FullName : C:\istep\AutoArchivePrivateDocs\test\exportCSV
[2018/08/03 15:45] [Archive] START Archive : exportCSV to C:\istep\AutoArchivePrivateDocs\testArchive with compressing lvl : 9
[2018/08/03 15:45] [Archive] 'C:\Program Files\7-Zip\7z.exe' '-mx=9' a 'C:\istep\AutoArchivePrivateDocs\testArchive\exportCSV.7z' -t7z 'C:\istep\AutoArchivePrivateDocs\test\exportCSV\' 
[2018/08/03 15:45] [Archive] END Archive : exportCSV to C:\istep\AutoArchivePrivateDocs\testArchive\exportCSV.7z with compressing lvl : 9
[2018/08/03 15:45] [ArchiveAllSubFolders] Folders Name : exportCSV test; FullName : C:\istep\AutoArchivePrivateDocs\test\exportCSV test
[2018/08/03 15:45] [Archive] START Archive : exportCSV test to C:\istep\AutoArchivePrivateDocs\testArchive with compressing lvl : 9
[2018/08/03 15:45] [Archive] 'C:\Program Files\7-Zip\7z.exe' '-mx=9' a 'C:\istep\AutoArchivePrivateDocs\testArchive\exportCSV test.7z' -t7z 'C:\istep\AutoArchivePrivateDocs\test\exportCSV test\' 
[2018/08/03 15:45] [Archive] END Archive : exportCSV test to C:\istep\AutoArchivePrivateDocs\testArchive\exportCSV test.7z with compressing lvl : 9
[2018/08/03 15:45] [ArchiveAllSubFolders] END Archive All Sub Folders : C:\istep\AutoArchivePrivateDocs\test to C:\istep\AutoArchivePrivateDocs\testArchive with compressing lvl : 9
[2018/08/03 15:46] [ArchiveAllSubFolders] START Archive All Sub Folders : C:\istep\AutoArchivePrivateDocs\test to C:\istep\AutoArchivePrivateDocs\testArchive with compressing lvl : 9
[2018/08/03 15:46] [ArchiveAllSubFolders] Folders Name : exportCSV; FullName : C:\istep\AutoArchivePrivateDocs\test\exportCSV
[2018/08/03 15:46] [Archive] START Archive : exportCSV to C:\istep\AutoArchivePrivateDocs\testArchive with compressing lvl : 9
[2018/08/03 15:46] [Archive] 'C:\Program Files\7-Zip\7z.exe' '-mx=9' a 'C:\istep\AutoArchivePrivateDocs\testArchive\exportCSV.7z' -t7z 'C:\istep\AutoArchivePrivateDocs\test\exportCSV\' 
[2018/08/03 15:47] [ArchiveAllSubFolders] password azerty
[2018/08/03 15:47] [ArchiveAllSubFolders] START Archive All Sub Folders : C:\istep\AutoArchivePrivateDocs\test to C:\istep\AutoArchivePrivateDocs\testArchive with compressing lvl : 9
[2018/08/03 15:47] [ArchiveAllSubFolders] Folders Name : exportCSV; FullName : C:\istep\AutoArchivePrivateDocs\test\exportCSV
[2018/08/03 15:47] [Archive] START Archive : exportCSV to C:\istep\AutoArchivePrivateDocs\testArchive with compressing lvl : 9
[2018/08/03 15:47] [Archive] 'C:\Program Files\7-Zip\7z.exe' '-mx=9' a 'C:\istep\AutoArchivePrivateDocs\testArchive\exportCSV.7z' -t7z 'C:\istep\AutoArchivePrivateDocs\test\exportCSV\' 
[2018/08/03 15:47] [ArchiveAllSubFolders] password azerty
[2018/08/03 15:47] [ArchiveAllSubFolders] START Archive All Sub Folders : C:\istep\AutoArchivePrivateDocs\test to C:\istep\AutoArchivePrivateDocs\testArchive with compressing lvl : 9
[2018/08/03 15:47] [ArchiveAllSubFolders] Folders Name : exportCSV; FullName : C:\istep\AutoArchivePrivateDocs\test\exportCSV
[2018/08/03 15:47] [Archive] START Archive : exportCSV to C:\istep\AutoArchivePrivateDocs\testArchive with compressing lvl : 9
[2018/08/03 15:47] [Archive] 'C:\Program Files\7-Zip\7z.exe' '-mx=9' a 'C:\istep\AutoArchivePrivateDocs\testArchive\exportCSV.7z' -t7z 'C:\istep\AutoArchivePrivateDocs\test\exportCSV\' -p azerty
[2018/08/03 15:48] [ArchiveAllSubFolders] password azerty
[2018/08/03 15:48] [ArchiveAllSubFolders] START Archive All Sub Folders : C:\istep\AutoArchivePrivateDocs\test to C:\istep\AutoArchivePrivateDocs\testArchive with compressing lvl : 9
[2018/08/03 15:48] [ArchiveAllSubFolders] Folders Name : exportCSV; FullName : C:\istep\AutoArchivePrivateDocs\test\exportCSV
[2018/08/03 15:48] [Archive] START Archive : exportCSV to C:\istep\AutoArchivePrivateDocs\testArchive with compressing lvl : 9
[2018/08/03 15:48] [Archive] 'C:\Program Files\7-Zip\7z.exe' '-mx=9' a 'C:\istep\AutoArchivePrivateDocs\testArchive\exportCSV.7z' -t7z 'C:\istep\AutoArchivePrivateDocs\test\exportCSV\' -p azerty
[2018/08/03 15:48] [Archive] END Archive : exportCSV to C:\istep\AutoArchivePrivateDocs\testArchive\exportCSV.7z with compressing lvl : 9
[2018/08/03 15:48] [ArchiveAllSubFolders] Folders Name : exportCSV test; FullName : C:\istep\AutoArchivePrivateDocs\test\exportCSV test
[2018/08/03 15:48] [Archive] START Archive : exportCSV test to C:\istep\AutoArchivePrivateDocs\testArchive with compressing lvl : 9
[2018/08/03 15:48] [Archive] 'C:\Program Files\7-Zip\7z.exe' '-mx=9' a 'C:\istep\AutoArchivePrivateDocs\testArchive\exportCSV test.7z' -t7z 'C:\istep\AutoArchivePrivateDocs\test\exportCSV test\' -p azerty
[2018/08/03 15:48] [Archive] END Archive : exportCSV test to C:\istep\AutoArchivePrivateDocs\testArchive\exportCSV test.7z with compressing lvl : 9
[2018/08/03 15:48] [ArchiveAllSubFolders] END Archive All Sub Folders : C:\istep\AutoArchivePrivateDocs\test to C:\istep\AutoArchivePrivateDocs\testArchive with compressing lvl : 9
[2018/08/03 15:49] [ArchiveAllSubFolders] password azerty
[2018/08/03 15:49] [ArchiveAllSubFolders] START Archive All Sub Folders : C:\istep\AutoArchivePrivateDocs\test to C:\istep\AutoArchivePrivateDocs\testArchive with compressing lvl : 9
[2018/08/03 15:49] [ArchiveAllSubFolders] Folders Name : exportCSV; FullName : C:\istep\AutoArchivePrivateDocs\test\exportCSV
[2018/08/03 15:49] [Archive] START Archive : exportCSV to C:\istep\AutoArchivePrivateDocs\testArchive with compressing lvl : 9
[2018/08/03 15:49] [Archive] 'C:\Program Files\7-Zip\7z.exe' '-mx=9' a 'C:\istep\AutoArchivePrivateDocs\testArchive\exportCSV.7z' -t7z 'C:\istep\AutoArchivePrivateDocs\test\exportCSV\' -p azerty
[2018/08/03 15:49] [Archive] END Archive : exportCSV to C:\istep\AutoArchivePrivateDocs\testArchive\exportCSV.7z with compressing lvl : 9
[2018/08/03 15:49] [ArchiveAllSubFolders] Folders Name : exportCSV test; FullName : C:\istep\AutoArchivePrivateDocs\test\exportCSV test
[2018/08/03 15:49] [Archive] START Archive : exportCSV test to C:\istep\AutoArchivePrivateDocs\testArchive with compressing lvl : 9
[2018/08/03 15:49] [Archive] 'C:\Program Files\7-Zip\7z.exe' '-mx=9' a 'C:\istep\AutoArchivePrivateDocs\testArchive\exportCSV test.7z' -t7z 'C:\istep\AutoArchivePrivateDocs\test\exportCSV test\' -p azerty
[2018/08/03 15:49] [Archive] END Archive : exportCSV test to C:\istep\AutoArchivePrivateDocs\testArchive\exportCSV test.7z with compressing lvl : 9
[2018/08/03 15:49] [ArchiveAllSubFolders] END Archive All Sub Folders : C:\istep\AutoArchivePrivateDocs\test to C:\istep\AutoArchivePrivateDocs\testArchive with compressing lvl : 9
[2018/08/03 15:50] [ArchiveAllSubFolders] password azerty
[2018/08/03 15:50] [ArchiveAllSubFolders] START Archive All Sub Folders : C:\istep\AutoArchivePrivateDocs\test to C:\istep\AutoArchivePrivateDocs\testArchive with compressing lvl : 9
[2018/08/03 15:50] [ArchiveAllSubFolders] Folders Name : exportCSV; FullName : C:\istep\AutoArchivePrivateDocs\test\exportCSV
[2018/08/03 15:50] [Archive] START Archive : exportCSV to C:\istep\AutoArchivePrivateDocs\testArchive with compressing lvl : 9
[2018/08/03 15:50] [Archive] 'C:\Program Files\7-Zip\7z.exe' '-mx=9' a 'C:\istep\AutoArchivePrivateDocs\testArchive\exportCSV.7z' -t7z 'C:\istep\AutoArchivePrivateDocs\test\exportCSV\' -p azerty
[2018/08/03 15:50] [ArchiveAllSubFolders] password azerty
[2018/08/03 15:50] [ArchiveAllSubFolders] START Archive All Sub Folders : C:\istep\AutoArchivePrivateDocs\test to C:\istep\AutoArchivePrivateDocs\testArchive with compressing lvl : 9
[2018/08/03 15:50] [ArchiveAllSubFolders] Folders Name : exportCSV; FullName : C:\istep\AutoArchivePrivateDocs\test\exportCSV
[2018/08/03 15:50] [Archive] START Archive : exportCSV to C:\istep\AutoArchivePrivateDocs\testArchive with compressing lvl : 9
[2018/08/03 15:50] [Archive] 'C:\Program Files\7-Zip\7z.exe' '-mx=9' a 'C:\istep\AutoArchivePrivateDocs\testArchive\exportCSV.7z' -t7z 'C:\istep\AutoArchivePrivateDocs\test\exportCSV\' '-p azerty'
[2018/08/03 15:50] [Archive] END Archive : exportCSV to C:\istep\AutoArchivePrivateDocs\testArchive\exportCSV.7z with compressing lvl : 9
[2018/08/03 15:50] [ArchiveAllSubFolders] Folders Name : exportCSV test; FullName : C:\istep\AutoArchivePrivateDocs\test\exportCSV test
[2018/08/03 15:50] [Archive] START Archive : exportCSV test to C:\istep\AutoArchivePrivateDocs\testArchive with compressing lvl : 9
[2018/08/03 15:50] [Archive] 'C:\Program Files\7-Zip\7z.exe' '-mx=9' a 'C:\istep\AutoArchivePrivateDocs\testArchive\exportCSV test.7z' -t7z 'C:\istep\AutoArchivePrivateDocs\test\exportCSV test\' '-p azerty'
[2018/08/03 15:50] [Archive] END Archive : exportCSV test to C:\istep\AutoArchivePrivateDocs\testArchive\exportCSV test.7z with compressing lvl : 9
[2018/08/03 15:50] [ArchiveAllSubFolders] END Archive All Sub Folders : C:\istep\AutoArchivePrivateDocs\test to C:\istep\AutoArchivePrivateDocs\testArchive with compressing lvl : 9
[2018/08/03 15:51] [ArchiveAllSubFolders] password azerty
[2018/08/03 15:51] [ArchiveAllSubFolders] START Archive All Sub Folders : C:\istep\AutoArchivePrivateDocs\test to C:\istep\AutoArchivePrivateDocs\testArchive with compressing lvl : 9
[2018/08/03 15:51] [ArchiveAllSubFolders] Folders Name : exportCSV; FullName : C:\istep\AutoArchivePrivateDocs\test\exportCSV
[2018/08/03 15:51] [Archive] START Archive : exportCSV to C:\istep\AutoArchivePrivateDocs\testArchive with compressing lvl : 9
[2018/08/03 15:51] [Archive] 'C:\Program Files\7-Zip\7z.exe' '-mx=9' a 'C:\istep\AutoArchivePrivateDocs\testArchive\exportCSV.7z' -t7z 'C:\istep\AutoArchivePrivateDocs\test\exportCSV\' '-p azerty'
[2018/08/03 15:51] [Archive] END Archive : exportCSV to C:\istep\AutoArchivePrivateDocs\testArchive\exportCSV.7z with compressing lvl : 9
[2018/08/03 15:51] [ArchiveAllSubFolders] Folders Name : exportCSV test; FullName : C:\istep\AutoArchivePrivateDocs\test\exportCSV test
[2018/08/03 15:51] [Archive] START Archive : exportCSV test to C:\istep\AutoArchivePrivateDocs\testArchive with compressing lvl : 9
[2018/08/03 15:51] [Archive] 'C:\Program Files\7-Zip\7z.exe' '-mx=9' a 'C:\istep\AutoArchivePrivateDocs\testArchive\exportCSV test.7z' -t7z 'C:\istep\AutoArchivePrivateDocs\test\exportCSV test\' '-p azerty'
[2018/08/03 15:51] [Archive] END Archive : exportCSV test to C:\istep\AutoArchivePrivateDocs\testArchive\exportCSV test.7z with compressing lvl : 9
[2018/08/03 15:51] [ArchiveAllSubFolders] END Archive All Sub Folders : C:\istep\AutoArchivePrivateDocs\test to C:\istep\AutoArchivePrivateDocs\testArchive with compressing lvl : 9
[2018/08/03 15:52] [ArchiveAllSubFolders] password azerty
[2018/08/03 15:52] [ArchiveAllSubFolders] START Archive All Sub Folders : C:\istep\AutoArchivePrivateDocs\test to C:\istep\AutoArchivePrivateDocs\testArchive with compressing lvl : 9
[2018/08/03 15:52] [ArchiveAllSubFolders] Folders Name : exportCSV; FullName : C:\istep\AutoArchivePrivateDocs\test\exportCSV
[2018/08/03 15:52] [Archive] START Archive : exportCSV to C:\istep\AutoArchivePrivateDocs\testArchive with compressing lvl : 9
[2018/08/03 15:52] [Archive] 'C:\Program Files\7-Zip\7z.exe' '-mx=9' a 'C:\istep\AutoArchivePrivateDocs\testArchive\exportCSV.7z' -t7z 'C:\istep\AutoArchivePrivateDocs\test\exportCSV\' '-pazerty'
[2018/08/03 15:52] [Archive] END Archive : exportCSV to C:\istep\AutoArchivePrivateDocs\testArchive\exportCSV.7z with compressing lvl : 9
[2018/08/03 15:52] [ArchiveAllSubFolders] Folders Name : exportCSV test; FullName : C:\istep\AutoArchivePrivateDocs\test\exportCSV test
[2018/08/03 15:52] [Archive] START Archive : exportCSV test to C:\istep\AutoArchivePrivateDocs\testArchive with compressing lvl : 9
[2018/08/03 15:52] [Archive] 'C:\Program Files\7-Zip\7z.exe' '-mx=9' a 'C:\istep\AutoArchivePrivateDocs\testArchive\exportCSV test.7z' -t7z 'C:\istep\AutoArchivePrivateDocs\test\exportCSV test\' '-pazerty'
[2018/08/03 15:52] [Archive] END Archive : exportCSV test to C:\istep\AutoArchivePrivateDocs\testArchive\exportCSV test.7z with compressing lvl : 9
[2018/08/03 15:52] [ArchiveAllSubFolders] END Archive All Sub Folders : C:\istep\AutoArchivePrivateDocs\test to C:\istep\AutoArchivePrivateDocs\testArchive with compressing lvl : 9
[2018/08/03 15:58] [ArchiveAllSubFolders] password azerty
[2018/08/03 15:58] [ArchiveAllSubFolders] START Archive All Sub Folders : C:\istep\AutoArchivePrivateDocs\test to C:\istep\AutoArchivePrivateDocs\testArchive with compressing lvl : 9
[2018/08/03 15:58] [ArchiveAllSubFolders] Folders Name : exportCSV; FullName : C:\istep\AutoArchivePrivateDocs\test\exportCSV
[2018/08/03 15:58] [Archive] START Archive : exportCSV to C:\istep\AutoArchivePrivateDocs\testArchive with compressing lvl : 9
[2018/08/03 15:58] [Archive] 'C:\Program Files\7-Zip\7z.exe' '-mx=9' a 'C:\istep\AutoArchivePrivateDocs\testArchive\exportCSV.7z' -t7z 'C:\istep\AutoArchivePrivateDocs\test\exportCSV\' '-pazerty'
[2018/08/03 15:58] [Archive] END Archive : exportCSV to C:\istep\AutoArchivePrivateDocs\testArchive\exportCSV.7z with compressing lvl : 9
[2018/08/03 15:58] [ArchiveAllSubFolders] Folders Name : exportCSV test; FullName : C:\istep\AutoArchivePrivateDocs\test\exportCSV test
[2018/08/03 15:58] [Archive] START Archive : exportCSV test to C:\istep\AutoArchivePrivateDocs\testArchive with compressing lvl : 9
[2018/08/03 15:58] [Archive] 'C:\Program Files\7-Zip\7z.exe' '-mx=9' a 'C:\istep\AutoArchivePrivateDocs\testArchive\exportCSV test.7z' -t7z 'C:\istep\AutoArchivePrivateDocs\test\exportCSV test\' '-pazerty'
[2018/08/03 15:58] [Archive] END Archive : exportCSV test to C:\istep\AutoArchivePrivateDocs\testArchive\exportCSV test.7z with compressing lvl : 9
[2018/08/03 15:58] [ArchiveAllSubFolders] END Archive All Sub Folders : C:\istep\AutoArchivePrivateDocs\test to C:\istep\AutoArchivePrivateDocs\testArchive with compressing lvl : 9
[2018/08/03 16:04] [ArchiveAllSubFolders] password azerty
[2018/08/03 16:04] [ArchiveAllSubFolders] START Archive All Sub Folders : C:\istep\AutoArchivePrivateDocs\test to C:\istep\AutoArchivePrivateDocs\testArchive with compressing lvl : 9
[2018/08/03 16:04] [ArchiveAllSubFolders] Folders Name : exportCSV; FullName : C:\istep\AutoArchivePrivateDocs\test\exportCSV
[2018/08/03 16:04] [Archive] START Archive : exportCSV to C:\istep\AutoArchivePrivateDocs\testArchive\.7z with compressing lvl : 9
[2018/08/03 16:04] [Archive] 'C:\Program Files\7-Zip\7z.exe' '-mx=9' a 'C:\istep\AutoArchivePrivateDocs\testArchive\.7z' -t7z 'C:\istep\AutoArchivePrivateDocs\test\exportCSV\' '-pazerty'
[2018/08/03 16:04] [Archive] END Archive : exportCSV to C:\istep\AutoArchivePrivateDocs\testArchive\.7z with compressing lvl : 9
[2018/08/03 16:04] [ArchiveAllSubFolders] Folders Name : exportCSV test; FullName : C:\istep\AutoArchivePrivateDocs\test\exportCSV test
[2018/08/03 16:04] [Archive] START Archive : exportCSV test to C:\istep\AutoArchivePrivateDocs\testArchive\.7z\.7z with compressing lvl : 9
[2018/08/03 16:04] [Archive] 'C:\Program Files\7-Zip\7z.exe' '-mx=9' a 'C:\istep\AutoArchivePrivateDocs\testArchive\.7z\.7z' -t7z 'C:\istep\AutoArchivePrivateDocs\test\exportCSV test\' '-pazerty'
[2018/08/03 16:04] [Archive] END Archive : exportCSV test to C:\istep\AutoArchivePrivateDocs\testArchive\.7z\.7z with compressing lvl : 9
[2018/08/03 16:04] [ArchiveAllSubFolders] END Archive All Sub Folders : C:\istep\AutoArchivePrivateDocs\test to C:\istep\AutoArchivePrivateDocs\testArchive\.7z\.7z with compressing lvl : 9
[2018/08/03 16:05] [ArchiveAllSubFolders] password azerty
[2018/08/03 16:05] [ArchiveAllSubFolders] START Archive All Sub Folders : C:\istep\AutoArchivePrivateDocs\test to C:\istep\AutoArchivePrivateDocs\testArchive with compressing lvl : 9
[2018/08/03 16:05] [ArchiveAllSubFolders] Folders Name : exportCSV; FullName : C:\istep\AutoArchivePrivateDocs\test\exportCSV
[2018/08/03 16:05] [Archive] START Archive : exportCSV to C:\istep\AutoArchivePrivateDocs\testArchive\exportCSV.7z with compressing lvl : 9
[2018/08/03 16:05] [Archive] 'C:\Program Files\7-Zip\7z.exe' '-mx=9' a 'C:\istep\AutoArchivePrivateDocs\testArchive\exportCSV.7z' -t7z 'C:\istep\AutoArchivePrivateDocs\test\exportCSV\' '-pazerty'
[2018/08/03 16:05] [Archive] END Archive : exportCSV to C:\istep\AutoArchivePrivateDocs\testArchive\exportCSV.7z with compressing lvl : 9
[2018/08/03 16:05] [ArchiveAllSubFolders] Folders Name : exportCSV test; FullName : C:\istep\AutoArchivePrivateDocs\test\exportCSV test
[2018/08/03 16:05] [Archive] START Archive : exportCSV test to C:\istep\AutoArchivePrivateDocs\testArchive\exportCSV.7z\exportCSV test.7z with compressing lvl : 9
[2018/08/03 16:05] [Archive] 'C:\Program Files\7-Zip\7z.exe' '-mx=9' a 'C:\istep\AutoArchivePrivateDocs\testArchive\exportCSV.7z\exportCSV test.7z' -t7z 'C:\istep\AutoArchivePrivateDocs\test\exportCSV test\' '-pazerty'
[2018/08/03 16:05] [Archive] END Archive : exportCSV test to C:\istep\AutoArchivePrivateDocs\testArchive\exportCSV.7z\exportCSV test.7z with compressing lvl : 9
[2018/08/03 16:05] [ArchiveAllSubFolders] END Archive All Sub Folders : C:\istep\AutoArchivePrivateDocs\test to C:\istep\AutoArchivePrivateDocs\testArchive\exportCSV.7z\exportCSV test.7z with compressing lvl : 9
[2018/08/03 16:07] [ArchiveAllSubFolders] password azerty
[2018/08/03 16:07] [ArchiveAllSubFolders] START Archive All Sub Folders : C:\istep\AutoArchivePrivateDocs\test to C:\istep\AutoArchivePrivateDocs\testArchive with compressing lvl : 9
[2018/08/03 16:07] [ArchiveAllSubFolders] Folders Name : exportCSV; FullName : C:\istep\AutoArchivePrivateDocs\test\exportCSV
[2018/08/03 16:07] [Archive] START Archive : exportCSV to C:\istep\AutoArchivePrivateDocs\testArchive\exportCSV.7z with compressing lvl : 9
[2018/08/03 16:07] [Archive] 'C:\Program Files\7-Zip\7z.exe' '-mx=9' a 'C:\istep\AutoArchivePrivateDocs\testArchive\exportCSV.7z' -t7z 'C:\istep\AutoArchivePrivateDocs\test\exportCSV\' '-pazerty'
[2018/08/03 16:07] [Archive] END Archive : exportCSV to C:\istep\AutoArchivePrivateDocs\testArchive\exportCSV.7z with compressing lvl : 9
[2018/08/03 16:07] [ArchiveAllSubFolders] Folders Name : exportCSV test; FullName : C:\istep\AutoArchivePrivateDocs\test\exportCSV test
[2018/08/03 16:07] [Archive] START Archive : exportCSV test to C:\istep\AutoArchivePrivateDocs\testArchive\exportCSV test.7z with compressing lvl : 9
[2018/08/03 16:07] [Archive] 'C:\Program Files\7-Zip\7z.exe' '-mx=9' a 'C:\istep\AutoArchivePrivateDocs\testArchive\exportCSV test.7z' -t7z 'C:\istep\AutoArchivePrivateDocs\test\exportCSV test\' '-pazerty'
[2018/08/03 16:07] [Archive] END Archive : exportCSV test to C:\istep\AutoArchivePrivateDocs\testArchive\exportCSV test.7z with compressing lvl : 9
[2018/08/03 16:07] [ArchiveAllSubFolders] END Archive All Sub Folders : C:\istep\AutoArchivePrivateDocs\test to C:\istep\AutoArchivePrivateDocs\testArchive with compressing lvl : 9
[2018/08/03 16:30] [ArchiveAllSubFolders] password azerty
[2018/08/03 16:30] [ArchiveAllSubFolders] START Archive All Sub Folders : C:\istep\AutoArchivePrivateDocs\test to C:\istep\AutoArchivePrivateDocs\testArchive with compressing lvl : 9
[2018/08/03 16:30] [ArchiveAllSubFolders] Folders Name : exportCSV; FullName : C:\istep\AutoArchivePrivateDocs\test\exportCSV
[2018/08/03 16:30] [Archive] START Archive : exportCSV to C:\istep\AutoArchivePrivateDocs\testArchive\exportCSV.7z with compressing lvl : 9
[2018/08/03 16:30] [Archive] 'C:\Program Files\7-Zip\7z.exe' '-mx=9' a 'C:\istep\AutoArchivePrivateDocs\testArchive\exportCSV.7z' -t7z 'C:\istep\AutoArchivePrivateDocs\test\exportCSV\' '-pazerty'
[2018/08/03 16:30] [Archive] END Archive : exportCSV to C:\istep\AutoArchivePrivateDocs\testArchive\exportCSV.7z with compressing lvl : 9
[2018/08/03 16:30] [ArchiveAllSubFolders] password azerty
[2018/08/03 16:30] [ArchiveAllSubFolders] START Archive All Sub Folders : C:\istep\AutoArchivePrivateDocs\test to C:\istep\AutoArchivePrivateDocs\testArchive with compressing lvl : 9
[2018/08/03 16:30] [ArchiveAllSubFolders] Folders Name : exportCSV; FullName : C:\istep\AutoArchivePrivateDocs\test\exportCSV
[2018/08/03 16:30] [Archive] START Archive : exportCSV to C:\istep\AutoArchivePrivateDocs\testArchive\exportCSV.7z with compressing lvl : 9
[2018/08/03 16:30] [Archive] 'C:\Program Files\7-Zip\7z.exe' '-mx=9' a 'C:\istep\AutoArchivePrivateDocs\testArchive\exportCSV.7z' -t7z 'C:\istep\AutoArchivePrivateDocs\test\exportCSV\' '-pazerty'
[2018/08/03 16:30] [Archive] END Archive : exportCSV to C:\istep\AutoArchivePrivateDocs\testArchive\exportCSV.7z with compressing lvl : 9
[2018/08/03 16:30] [ArchiveAllSubFolders] Folders Name : exportCSV test; FullName : C:\istep\AutoArchivePrivateDocs\test\exportCSV test
[2018/08/03 16:30] [Archive] START Archive : exportCSV test to C:\istep\AutoArchivePrivateDocs\testArchive\exportCSV test.7z with compressing lvl : 9
[2018/08/03 16:30] [Archive] 'C:\Program Files\7-Zip\7z.exe' '-mx=9' a 'C:\istep\AutoArchivePrivateDocs\testArchive\exportCSV test.7z' -t7z 'C:\istep\AutoArchivePrivateDocs\test\exportCSV test\' '-pazerty'
[2018/08/03 16:30] [Archive] END Archive : exportCSV test to C:\istep\AutoArchivePrivateDocs\testArchive\exportCSV test.7z with compressing lvl : 9
[2018/08/03 16:30] [ArchiveAllSubFolders] END Archive All Sub Folders : C:\istep\AutoArchivePrivateDocs\test to C:\istep\AutoArchivePrivateDocs\testArchive with compressing lvl : 9
[2018/08/03 16:32] [ArchiveAllSubFolders] password azerty
[2018/08/03 16:32] [ArchiveAllSubFolders] START Archive All Sub Folders : C:\istep\AutoArchivePrivateDocs\test to C:\istep\AutoArchivePrivateDocs\testArchive with compressing lvl : 9
[2018/08/03 16:32] [ArchiveAllSubFolders] Folders Name : exportCSV; FullName : C:\istep\AutoArchivePrivateDocs\test\exportCSV
[2018/08/03 16:32] [Archive] START Archive : exportCSV to C:\istep\AutoArchivePrivateDocs\testArchive\exportCSV.7z with compressing lvl : 9
[2018/08/03 16:32] [Archive] 'C:\Program Files\7-Zip\7z.exe' '-mx=9' a 'C:\istep\AutoArchivePrivateDocs\testArchive\exportCSV.7z' -t7z 'C:\istep\AutoArchivePrivateDocs\test\exportCSV\' '-pazerty'
[2018/08/03 16:32] [Archive] END Archive : exportCSV to C:\istep\AutoArchivePrivateDocs\testArchive\exportCSV.7z with compressing lvl : 9
[2018/08/03 16:32] [ArchiveAllSubFolders] Folders Name : exportCSV test; FullName : C:\istep\AutoArchivePrivateDocs\test\exportCSV test
[2018/08/03 16:32] [Archive] START Archive : exportCSV test to C:\istep\AutoArchivePrivateDocs\testArchive\exportCSV test.7z with compressing lvl : 9
[2018/08/03 16:32] [Archive] 'C:\Program Files\7-Zip\7z.exe' '-mx=9' a 'C:\istep\AutoArchivePrivateDocs\testArchive\exportCSV test.7z' -t7z 'C:\istep\AutoArchivePrivateDocs\test\exportCSV test\' '-pazerty'
[2018/08/03 16:32] [Archive] END Archive : exportCSV test to C:\istep\AutoArchivePrivateDocs\testArchive\exportCSV test.7z with compressing lvl : 9
[2018/08/03 16:32] [ArchiveAllSubFolders] END Archive All Sub Folders : C:\istep\AutoArchivePrivateDocs\test to C:\istep\AutoArchivePrivateDocs\testArchive with compressing lvl : 9
[2018/08/03 16:33] [ArchiveAllSubFolders] password azerty
[2018/08/03 16:33] [ArchiveAllSubFolders] START Archive All Sub Folders : C:\istep\AutoArchivePrivateDocs\test to C:\istep\AutoArchivePrivateDocs\testArchive with compressing lvl : 9
[2018/08/03 16:33] [ArchiveAllSubFolders] Folders Name : exportCSV; FullName : C:\istep\AutoArchivePrivateDocs\test\exportCSV
[2018/08/03 16:33] [Archive] START Archive : exportCSV to C:\istep\AutoArchivePrivateDocs\testArchive\exportCSV.7z with compressing lvl : 9
[2018/08/03 16:33] [Archive] 'C:\Program Files\7-Zip\7z.exe' '-mx=9' a 'C:\istep\AutoArchivePrivateDocs\testArchive\exportCSV.7z' -t7z 'C:\istep\AutoArchivePrivateDocs\test\exportCSV\' '-pazerty'
[2018/08/03 16:33] [Archive] END Archive : exportCSV to C:\istep\AutoArchivePrivateDocs\testArchive\exportCSV.7z with compressing lvl : 9
[2018/08/03 16:33] [ArchiveAllSubFolders] Encrypt File : C:\istep\AutoArchivePrivateDocs\testArchive
[2018/08/03 16:33] [ArchiveAllSubFolders] Remove-Item : C:\istep\AutoArchivePrivateDocs\testArchive\exportCSV.7z
[2018/08/03 16:33] [ArchiveAllSubFolders] Folders Name : exportCSV test; FullName : C:\istep\AutoArchivePrivateDocs\test\exportCSV test
[2018/08/03 16:33] [Archive] START Archive : exportCSV test to C:\istep\AutoArchivePrivateDocs\testArchive\exportCSV test.7z with compressing lvl : 9
[2018/08/03 16:33] [Archive] 'C:\Program Files\7-Zip\7z.exe' '-mx=9' a 'C:\istep\AutoArchivePrivateDocs\testArchive\exportCSV test.7z' -t7z 'C:\istep\AutoArchivePrivateDocs\test\exportCSV test\' '-pazerty'
[2018/08/03 16:33] [Archive] END Archive : exportCSV test to C:\istep\AutoArchivePrivateDocs\testArchive\exportCSV test.7z with compressing lvl : 9
[2018/08/03 16:33] [ArchiveAllSubFolders] Encrypt File : C:\istep\AutoArchivePrivateDocs\testArchive
[2018/08/03 16:33] [ArchiveAllSubFolders] Remove-Item : C:\istep\AutoArchivePrivateDocs\testArchive\exportCSV test.7z
[2018/08/03 16:33] [ArchiveAllSubFolders] END Archive All Sub Folders : C:\istep\AutoArchivePrivateDocs\test to C:\istep\AutoArchivePrivateDocs\testArchive with compressing lvl : 9
[2018/08/03 16:34] [ArchiveAllSubFolders] password azerty
[2018/08/03 16:34] [ArchiveAllSubFolders] START Archive All Sub Folders : C:\istep\AutoArchivePrivateDocs\test to C:\istep\AutoArchivePrivateDocs\testArchive with compressing lvl : 9
[2018/08/03 16:34] [ArchiveAllSubFolders] Folders Name : exportCSV; FullName : C:\istep\AutoArchivePrivateDocs\test\exportCSV
[2018/08/03 16:34] [Archive] START Archive : exportCSV to C:\istep\AutoArchivePrivateDocs\testArchive\exportCSV.7z with compressing lvl : 9
[2018/08/03 16:34] [Archive] 'C:\Program Files\7-Zip\7z.exe' '-mx=9' a 'C:\istep\AutoArchivePrivateDocs\testArchive\exportCSV.7z' -t7z 'C:\istep\AutoArchivePrivateDocs\test\exportCSV\' '-pazerty'
[2018/08/03 16:34] [Archive] END Archive : exportCSV to C:\istep\AutoArchivePrivateDocs\testArchive\exportCSV.7z with compressing lvl : 9
[2018/08/03 16:34] [ArchiveAllSubFolders] Encrypt File : C:\istep\AutoArchivePrivateDocs\testArchive\exportCSV.7z
[2018/08/03 16:34] [ArchiveAllSubFolders] Remove-Item : C:\istep\AutoArchivePrivateDocs\testArchive\exportCSV.7z
[2018/08/03 16:34] [ArchiveAllSubFolders] Folders Name : exportCSV test; FullName : C:\istep\AutoArchivePrivateDocs\test\exportCSV test
[2018/08/03 16:34] [Archive] START Archive : exportCSV test to C:\istep\AutoArchivePrivateDocs\testArchive\exportCSV test.7z with compressing lvl : 9
[2018/08/03 16:34] [Archive] 'C:\Program Files\7-Zip\7z.exe' '-mx=9' a 'C:\istep\AutoArchivePrivateDocs\testArchive\exportCSV test.7z' -t7z 'C:\istep\AutoArchivePrivateDocs\test\exportCSV test\' '-pazerty'
[2018/08/03 16:34] [Archive] END Archive : exportCSV test to C:\istep\AutoArchivePrivateDocs\testArchive\exportCSV test.7z with compressing lvl : 9
[2018/08/03 16:34] [ArchiveAllSubFolders] Encrypt File : C:\istep\AutoArchivePrivateDocs\testArchive\exportCSV test.7z
[2018/08/03 16:34] [ArchiveAllSubFolders] Remove-Item : C:\istep\AutoArchivePrivateDocs\testArchive\exportCSV test.7z
[2018/08/03 16:34] [ArchiveAllSubFolders] END Archive All Sub Folders : C:\istep\AutoArchivePrivateDocs\test to C:\istep\AutoArchivePrivateDocs\testArchive with compressing lvl : 9
